2026-06-04 00:18:50 [WARN] com.zaxxer.hikari.pool.HikariPool - HikariPool-1 - Thread starvation or clock leap detected (housekeeper delta=1h12m8s360ms).
2026-06-04 01:19:50 [WARN] com.zaxxer.hikari.pool.HikariPool - HikariPool-1 - Thread starvation or clock leap detected (housekeeper delta=1h1m117ms).
2026-06-04 02:37:57 [WARN] com.zaxxer.hikari.pool.HikariPool - HikariPool-1 - Thread starvation or clock leap detected (housekeeper delta=1h18m7s178ms).
2026-06-04 04:15:19 [WARN] com.zaxxer.hikari.pool.HikariPool - HikariPool-1 - Thread starvation or clock leap detected (housekeeper delta=1h37m22s52ms).
2026-06-04 05:35:45 [WARN] com.zaxxer.hikari.pool.HikariPool - HikariPool-1 - Thread starvation or clock leap detected (housekeeper delta=1h20m25s312ms).
2026-06-04 06:56:46 [WARN] com.zaxxer.hikari.pool.HikariPool - HikariPool-1 - Thread starvation or clock leap detected (housekeeper delta=1h21m907ms).
2026-06-04 08:11:33 [WARN] com.zaxxer.hikari.pool.HikariPool - HikariPool-1 - Thread starvation or clock leap detected (housekeeper delta=1h14m47s595ms).
2026-06-04 09:27:49 [WARN] com.zaxxer.hikari.pool.HikariPool - HikariPool-1 - Thread starvation or clock leap detected (housekeeper delta=1h16m16s253ms).
2026-06-04 10:30:13 [WARN] com.zaxxer.hikari.pool.HikariPool - HikariPool-1 - Thread starvation or clock leap detected (housekeeper delta=1h2m24s46ms).
2026-06-04 11:46:53 [WARN] com.zaxxer.hikari.pool.HikariPool - HikariPool-1 - Thread starvation or clock leap detected (housekeeper delta=1h16m39s211ms).
2026-06-04 12:48:41 [WARN] com.zaxxer.hikari.pool.HikariPool - HikariPool-1 - Thread starvation or clock leap detected (housekeeper delta=1h1m48s182ms).
2026-06-04 14:06:56 [WARN] com.zaxxer.hikari.pool.HikariPool - HikariPool-1 - Thread starvation or clock leap detected (housekeeper delta=1h18m15s159ms).
2026-06-04 15:18:34 [WARN] com.zaxxer.hikari.pool.HikariPool - HikariPool-1 - Thread starvation or clock leap detected (housekeeper delta=1h11m38s315ms).
2026-06-04 16:35:27 [WARN] com.zaxxer.hikari.pool.HikariPool - HikariPool-1 - Thread starvation or clock leap detected (housekeeper delta=1h16m52s326ms).
2026-06-04 17:43:21 [WARN] com.zaxxer.hikari.pool.HikariPool - HikariPool-1 - Thread starvation or clock leap detected (housekeeper delta=1h7m54s229ms).
2026-06-04 17:54:08 [WARN] com.zaxxer.hikari.pool.HikariPool - HikariPool-1 - Thread starvation or clock leap detected (housekeeper delta=10m47s290ms).
2026-06-04 17:59:40 [INFO] o.s.w.s.c.WebSocketMessageBrokerStats - WebSocketSession[0 current WS(0)-HttpStream(0)-HttpPoll(0), 0 total, 0 closed abnormally (0 connect failure, 0 send limit, 0 transport error)], stompSubProtocol[processed CONNECT(0)-CONNECTED(0)-DISCONNECT(0)], stompBrokerRelay[null], inboundChannel[pool size = 0, active threads = 0, queued tasks = 0, completed tasks = 0], outboundChannel[pool size = 0, active threads = 0, queued tasks = 0, completed tasks = 0], sockJsScheduler[pool size = 2, active threads = 1, queued tasks = 0, completed tasks = 1]
2026-06-04 20:19:07 [WARN] com.zaxxer.hikari.pool.HikariPool - HikariPool-1 - Thread starvation or clock leap detected (housekeeper delta=1h59m28s538ms).
2026-06-04 21:27:07 [WARN] com.zaxxer.hikari.pool.HikariPool - HikariPool-1 - Thread starvation or clock leap detected (housekeeper delta=1h8m186ms).
2026-06-04 22:29:41 [WARN] com.zaxxer.hikari.pool.HikariPool - HikariPool-1 - Thread starvation or clock leap detected (housekeeper delta=1h2m34s320ms).
2026-06-04 22:34:29 [INFO] o.s.b.w.e.tomcat.GracefulShutdown - Commencing graceful shutdown. Waiting for active requests to complete
2026-06-04 22:34:29 [INFO] o.s.b.w.e.tomcat.GracefulShutdown - Graceful shutdown complete
2026-06-04 22:34:29 [INFO] o.s.m.s.b.SimpleBrokerMessageHandler - Stopping...
2026-06-04 22:34:29 [INFO] o.s.m.s.b.SimpleBrokerMessageHandler - BrokerAvailabilityEvent[available=false, SimpleBrokerMessageHandler [org.springframework.messaging.simp.broker.DefaultSubscriptionRegistry@5cfc283d]]
2026-06-04 22:34:29 [INFO] o.s.m.s.b.SimpleBrokerMessageHandler - Stopped.
2026-06-04 22:34:29 [INFO] o.s.o.j.LocalContainerEntityManagerFactoryBean - Closing JPA EntityManagerFactory for persistence unit 'default'
2026-06-04 22:34:29 [INFO] com.zaxxer.hikari.HikariDataSource - HikariPool-1 - Shutdown initiated...
2026-06-04 22:34:29 [INFO] com.zaxxer.hikari.HikariDataSource - HikariPool-1 - Shutdown completed.
2026-06-04 22:53:08 [INFO] com.stephen.AA_Main.Main - PoolManager application starting...
2026-06-04 22:53:08 [INFO] com.stephen.AA_Main.Main - Starting Main using Java 23.0.2 with PID 35309 (/Users/stephen/IdeaProjects/PoolWorkspace/backend_Java/target/classes started by stephen in /Users/stephen/IdeaProjects/PoolWorkspace/backend_Java)
2026-06-04 22:53:08 [INFO] com.stephen.AA_Main.Main - No active profile set, falling back to 1 default profile: "default"
2026-06-04 22:53:09 [INFO] o.s.d.r.c.RepositoryConfigurationDelegate - Bootstrapping Spring Data JPA repositories in DEFAULT mode.
2026-06-04 22:53:09 [INFO] o.s.d.r.c.RepositoryConfigurationDelegate - Finished Spring Data repository scanning in 42 ms. Found 10 JPA repository interfaces.
2026-06-04 22:53:09 [INFO] o.s.b.w.e.tomcat.TomcatWebServer - Tomcat initialized with port 8080 (http)
2026-06-04 22:53:09 [INFO] o.s.b.w.s.c.ServletWebServerApplicationContext - Root WebApplicationContext: initialization completed in 883 ms
2026-06-04 22:53:09 [INFO] o.h.jpa.internal.util.LogHelper - HHH000204: Processing PersistenceUnitInfo [name: default]
2026-06-04 22:53:09 [INFO] org.hibernate.Version - HHH000412: Hibernate ORM core version 6.6.2.Final
2026-06-04 22:53:09 [INFO] o.h.c.i.RegionFactoryInitiator - HHH000026: Second-level cache disabled
2026-06-04 22:53:10 [INFO] o.s.o.j.p.SpringPersistenceUnitInfo - No LoadTimeWeaver setup: ignoring JPA class transformer
2026-06-04 22:53:10 [INFO] com.zaxxer.hikari.HikariDataSource - HikariPool-1 - Starting...
2026-06-04 22:53:10 [INFO] com.zaxxer.hikari.pool.HikariPool - HikariPool-1 - Added connection org.postgresql.jdbc.PgConnection@eb1d475
2026-06-04 22:53:10 [INFO] com.zaxxer.hikari.HikariDataSource - HikariPool-1 - Start completed.
2026-06-04 22:53:10 [INFO] o.hibernate.orm.connections.pooling - HHH10001005: Database info:
	Database JDBC URL [Connecting through datasource 'HikariDataSource (HikariPool-1)']
	Database driver: undefined/unknown
	Database version: 16.14
	Autocommit mode: undefined/unknown
	Isolation level: undefined/unknown
	Minimum pool size: undefined/unknown
	Maximum pool size: undefined/unknown
2026-06-04 22:53:11 [INFO] o.h.e.t.j.p.i.JtaPlatformInitiator - HHH000489: No JTA platform available (set 'hibernate.transaction.jta.platform' to enable JTA platform integration)
2026-06-04 22:53:11 [INFO] o.s.o.j.LocalContainerEntityManagerFactoryBean - Initialized JPA EntityManagerFactory for persistence unit 'default'
2026-06-04 22:53:11 [INFO] o.s.d.j.r.query.QueryEnhancerFactory - Hibernate is in classpath; If applicable, HQL parser will be used.
2026-06-04 22:53:11 [INFO] com.stephen.FireBase.Config - Firebase config initialised
2026-06-04 22:53:11 [INFO] com.stephen.FireBase.Config - Firebase connected successfully!
2026-06-04 22:53:12 [INFO] o.s.s.c.a.a.c.InitializeUserDetailsBeanManagerConfigurer$InitializeUserDetailsManagerConfigurer - Global AuthenticationManager configured with UserDetailsService bean with name userDetailsService
2026-06-04 22:53:12 [INFO] o.s.m.s.b.SimpleBrokerMessageHandler - Starting...
2026-06-04 22:53:12 [INFO] o.s.m.s.b.SimpleBrokerMessageHandler - BrokerAvailabilityEvent[available=true, SimpleBrokerMessageHandler [org.springframework.messaging.simp.broker.DefaultSubscriptionRegistry@33a4cdba]]
2026-06-04 22:53:12 [INFO] o.s.m.s.b.SimpleBrokerMessageHandler - Started.
2026-06-04 22:53:12 [INFO] o.s.b.w.e.tomcat.TomcatWebServer - Tomcat started on port 8080 (http) with context path '/'
2026-06-04 22:53:12 [INFO] com.stephen.AA_Main.Main - Started Main in 3.707 seconds (process running for 4.032)
2026-06-04 22:54:12 [INFO] o.s.w.s.c.WebSocketMessageBrokerStats - WebSocketSession[0 current WS(0)-HttpStream(0)-HttpPoll(0), 0 total, 0 closed abnormally (0 connect failure, 0 send limit, 0 transport error)], stompSubProtocol[processed CONNECT(0)-CONNECTED(0)-DISCONNECT(0)], stompBrokerRelay[null], inboundChannel[pool size = 0, active threads = 0, queued tasks = 0, completed tasks = 0], outboundChannel[pool size = 0, active threads = 0, queued tasks = 0, completed tasks = 0], sockJsScheduler[pool size = 1, active threads = 1, queued tasks = 0, completed tasks = 0]
2026-06-04 22:59:43 [WARN] com.zaxxer.hikari.pool.HikariPool - HikariPool-1 - Thread starvation or clock leap detected (housekeeper delta=1m33s241ms).
2026-06-04 23:05:34 [INFO] o.s.b.w.e.tomcat.GracefulShutdown - Commencing graceful shutdown. Waiting for active requests to complete
2026-06-04 23:05:34 [INFO] o.s.b.w.e.tomcat.GracefulShutdown - Graceful shutdown complete
2026-06-04 23:05:34 [INFO] o.s.m.s.b.SimpleBrokerMessageHandler - Stopping...
2026-06-04 23:05:34 [INFO] o.s.m.s.b.SimpleBrokerMessageHandler - BrokerAvailabilityEvent[available=false, SimpleBrokerMessageHandler [org.springframework.messaging.simp.broker.DefaultSubscriptionRegistry@33a4cdba]]
2026-06-04 23:05:34 [INFO] o.s.m.s.b.SimpleBrokerMessageHandler - Stopped.
2026-06-04 23:05:34 [INFO] o.s.o.j.LocalContainerEntityManagerFactoryBean - Closing JPA EntityManagerFactory for persistence unit 'default'
2026-06-04 23:05:34 [INFO] com.zaxxer.hikari.HikariDataSource - HikariPool-1 - Shutdown initiated...
2026-06-04 23:05:34 [INFO] com.zaxxer.hikari.HikariDataSource - HikariPool-1 - Shutdown completed.
