2026-05-02 15:30:25 [INFO] com.stephen.Main - PoolManager application starting...
2026-05-02 15:30:25 [INFO] com.stephen.FirebaseConfig - Firebase connected successfully!
2026-05-02 15:30:25 [INFO] com.stephen.ID - Generated new ID: 1
2026-05-02 15:30:25 [INFO] com.stephen.Player_ContactDetails - Player_ContactDetails object created with default phone number: 0
2026-05-02 15:30:25 [INFO] com.stephen.BaseStats_Key - BaseStats_Key created with eventID: 0 and teamID: null
2026-05-02 15:30:25 [INFO] com.stephen.BaseStats - Initialized BaseStats with default values.
2026-05-02 15:33:46 [INFO] com.stephen.Main - PoolManager application starting...
2026-05-02 15:33:46 [INFO] com.stephen.FirebaseConfig - Firebase connected successfully!
2026-05-02 15:33:46 [INFO] com.stephen.ID - Generated new ID: 1
2026-05-02 15:33:46 [INFO] com.stephen.Player_ContactDetails - Player_ContactDetails object created with default phone number: 0
2026-05-02 15:33:46 [INFO] com.stephen.BaseStats_Key - BaseStats_Key created with eventID: 0 and teamID: null
2026-05-02 15:33:46 [INFO] com.stephen.BaseStats - Initialized BaseStats with default values.
2026-05-02 15:33:46 [INFO] com.stephen.ID - Retrieving ID: 1
2026-05-02 15:33:46 [INFO] com.stephen.Player - Getting full name for playerID: 1, player: Stephen Worrall
2026-05-02 15:33:46 [INFO] com.stephen.Player - Created player: Stephen Worrall
2026-05-02 15:33:48 [INFO] com.stephen.PlayerRepository - PlayerRepository initialised
2026-05-02 15:33:48 [INFO] com.stephen.ID - Retrieving ID: 1
2026-05-02 15:33:48 [INFO] com.stephen.Player - Getting full name for playerID: 1, player: Stephen Worrall
2026-05-02 15:33:48 [INFO] com.stephen.Player - Getting first name for player: Stephen Worrall
2026-05-02 15:33:48 [INFO] com.stephen.ID - Retrieving ID: 1
2026-05-02 15:33:48 [INFO] com.stephen.Player - Getting full name for playerID: 1, player: Stephen Worrall
2026-05-02 15:33:48 [INFO] com.stephen.Player - Getting last name for player: Stephen Worrall
2026-05-02 15:33:48 [INFO] com.stephen.ID - Retrieving ID: 1
2026-05-02 15:33:48 [INFO] com.stephen.Player - Getting full name for playerID: 1, player: Stephen Worrall
2026-05-02 15:33:48 [INFO] com.stephen.Player - Getting nickname for player: Stephen Worrall
2026-05-02 15:33:48 [INFO] com.stephen.ID - Retrieving ID: 1
2026-05-02 15:33:48 [INFO] com.stephen.Player - Getting full name for playerID: 1, player: Stephen Worrall
2026-05-02 15:33:48 [INFO] com.stephen.Player - Checking if player is bye: Stephen Worrall - false
2026-05-02 15:33:48 [INFO] com.stephen.ID - Retrieving ID: 1
2026-05-02 15:33:48 [INFO] com.stephen.Player - Getting full name for playerID: 1, player: Stephen Worrall
2026-05-02 15:33:48 [INFO] com.stephen.Player - Checking if player is captain: Stephen Worrall - false
2026-05-02 15:33:48 [INFO] com.stephen.ID - Retrieving ID: 1
2026-05-02 15:33:48 [INFO] com.stephen.ID - Retrieving ID: 1
2026-05-02 15:33:48 [INFO] com.stephen.Player - Getting full name for playerID: 1, player: Stephen Worrall
2026-05-02 15:33:48 [INFO] com.stephen.PlayerRepository - Saved player: Stephen Worrall
2026-05-02 15:33:48 [INFO] com.stephen.Main - Done!
2026-05-02 15:36:07 [INFO] com.stephen.Main - PoolManager application starting...
2026-05-02 15:36:07 [INFO] com.stephen.FirebaseConfig - Firebase connected successfully!
2026-05-02 15:36:07 [INFO] com.stephen.ID - Generated new ID: 1
2026-05-02 15:36:07 [INFO] com.stephen.Player_ContactDetails - Player_ContactDetails object created with default phone number: 0
2026-05-02 15:36:07 [INFO] com.stephen.BaseStats_Key - BaseStats_Key created with eventID: 0 and teamID: null
2026-05-02 15:36:07 [INFO] com.stephen.BaseStats - Initialized BaseStats with default values.
2026-05-02 15:36:07 [INFO] com.stephen.ID - Retrieving ID: 1
2026-05-02 15:36:07 [INFO] com.stephen.Player - Getting full name for playerID: 1, player: Jack Worrall
2026-05-02 15:36:07 [INFO] com.stephen.Player - Created player: Jack Worrall
2026-05-02 15:36:08 [INFO] com.stephen.PlayerRepository - PlayerRepository initialised
2026-05-02 15:36:08 [INFO] com.stephen.ID - Retrieving ID: 1
2026-05-02 15:36:08 [INFO] com.stephen.Player - Getting full name for playerID: 1, player: Jack Worrall
2026-05-02 15:36:08 [INFO] com.stephen.Player - Getting first name for player: Jack Worrall
2026-05-02 15:36:08 [INFO] com.stephen.ID - Retrieving ID: 1
2026-05-02 15:36:08 [INFO] com.stephen.Player - Getting full name for playerID: 1, player: Jack Worrall
2026-05-02 15:36:08 [INFO] com.stephen.Player - Getting last name for player: Jack Worrall
2026-05-02 15:36:08 [INFO] com.stephen.ID - Retrieving ID: 1
2026-05-02 15:36:08 [INFO] com.stephen.Player - Getting full name for playerID: 1, player: Jack Worrall
2026-05-02 15:36:08 [INFO] com.stephen.Player - Getting nickname for player: Jack Worrall
2026-05-02 15:36:08 [INFO] com.stephen.ID - Retrieving ID: 1
2026-05-02 15:36:08 [INFO] com.stephen.Player - Getting full name for playerID: 1, player: Jack Worrall
2026-05-02 15:36:08 [INFO] com.stephen.Player - Checking if player is bye: Jack Worrall - false
2026-05-02 15:36:08 [INFO] com.stephen.ID - Retrieving ID: 1
2026-05-02 15:36:08 [INFO] com.stephen.Player - Getting full name for playerID: 1, player: Jack Worrall
2026-05-02 15:36:08 [INFO] com.stephen.Player - Checking if player is captain: Jack Worrall - false
2026-05-02 15:36:08 [INFO] com.stephen.ID - Retrieving ID: 1
2026-05-02 15:36:08 [INFO] com.stephen.ID - Retrieving ID: 1
2026-05-02 15:36:08 [INFO] com.stephen.Player - Getting full name for playerID: 1, player: Jack Worrall
2026-05-02 15:36:08 [INFO] com.stephen.PlayerRepository - Saved player: Jack Worrall
2026-05-02 15:36:08 [INFO] com.stephen.Main - Done!
2026-05-02 15:37:20 [INFO] com.stephen.Main - PoolManager application starting...
2026-05-02 15:37:20 [INFO] com.stephen.FirebaseConfig - Firebase connected successfully!
2026-05-02 15:37:20 [INFO] com.stephen.ID - Generated new ID: 1
2026-05-02 15:37:20 [INFO] com.stephen.Player_ContactDetails - Player_ContactDetails object created with default phone number: 0
2026-05-02 15:37:20 [INFO] com.stephen.BaseStats_Key - BaseStats_Key created with eventID: 0 and teamID: null
2026-05-02 15:37:20 [INFO] com.stephen.BaseStats - Initialized BaseStats with default values.
2026-05-02 15:37:20 [INFO] com.stephen.ID - Retrieving ID: 1
2026-05-02 15:37:20 [INFO] com.stephen.Player - Getting full name for playerID: 1, player: Jack Worrall
2026-05-02 15:37:20 [INFO] com.stephen.Player - Created player: Jack Worrall
2026-05-02 15:37:21 [INFO] com.stephen.PlayerRepository - PlayerRepository initialised
2026-05-02 15:37:21 [INFO] com.stephen.ID - Retrieving ID: 1
2026-05-02 15:37:21 [INFO] com.stephen.Player - Getting full name for playerID: 1, player: Jack Worrall
2026-05-02 15:37:21 [INFO] com.stephen.Player - Getting first name for player: Jack Worrall
2026-05-02 15:37:21 [INFO] com.stephen.ID - Retrieving ID: 1
2026-05-02 15:37:21 [INFO] com.stephen.Player - Getting full name for playerID: 1, player: Jack Worrall
2026-05-02 15:37:21 [INFO] com.stephen.Player - Getting last name for player: Jack Worrall
2026-05-02 15:37:21 [INFO] com.stephen.ID - Retrieving ID: 1
2026-05-02 15:37:21 [INFO] com.stephen.Player - Getting full name for playerID: 1, player: Jack Worrall
2026-05-02 15:37:21 [INFO] com.stephen.Player - Getting nickname for player: Jack Worrall
2026-05-02 15:37:21 [INFO] com.stephen.ID - Retrieving ID: 1
2026-05-02 15:37:21 [INFO] com.stephen.Player - Getting full name for playerID: 1, player: Jack Worrall
2026-05-02 15:37:21 [INFO] com.stephen.Player - Checking if player is bye: Jack Worrall - false
2026-05-02 15:37:21 [INFO] com.stephen.ID - Retrieving ID: 1
2026-05-02 15:37:21 [INFO] com.stephen.Player - Getting full name for playerID: 1, player: Jack Worrall
2026-05-02 15:37:21 [INFO] com.stephen.Player - Checking if player is captain: Jack Worrall - false
2026-05-02 15:37:21 [INFO] com.stephen.ID - Retrieving ID: 1
2026-05-02 15:37:21 [INFO] com.stephen.ID - Retrieving ID: 1
2026-05-02 15:37:21 [INFO] com.stephen.Player - Getting full name for playerID: 1, player: Jack Worrall
2026-05-02 15:37:21 [INFO] com.stephen.PlayerRepository - Saved player: Jack Worrall
2026-05-02 15:37:21 [INFO] com.stephen.Main - Done!
2026-05-02 15:40:57 [INFO] com.stephen.Main - PoolManager application starting...
2026-05-02 15:40:57 [INFO] com.stephen.FirebaseConfig - Firebase connected successfully!
2026-05-02 15:40:57 [INFO] com.stephen.ID - Generated new ID: 1
2026-05-02 15:40:57 [INFO] com.stephen.Player_ContactDetails - Player_ContactDetails object created with default phone number: 0
2026-05-02 15:40:57 [INFO] com.stephen.BaseStats_Key - BaseStats_Key created with eventID: 0 and teamID: null
2026-05-02 15:40:57 [INFO] com.stephen.BaseStats - Initialized BaseStats with default values.
2026-05-02 15:40:57 [INFO] com.stephen.ID - Retrieving ID: 1
2026-05-02 15:40:57 [INFO] com.stephen.Player - Getting full name for playerID: 1, player: Jack Worrall
2026-05-02 15:40:57 [INFO] com.stephen.Player - Created player: Jack Worrall
2026-05-02 15:40:58 [INFO] com.stephen.PlayerRepository - PlayerRepository initialised
2026-05-02 15:40:58 [INFO] com.stephen.ID - Retrieving ID: 1
2026-05-02 15:40:58 [INFO] com.stephen.Player - Getting full name for playerID: 1, player: Jack Worrall
2026-05-02 15:40:58 [INFO] com.stephen.Player - Getting first name for player: Jack Worrall
2026-05-02 15:40:58 [INFO] com.stephen.ID - Retrieving ID: 1
2026-05-02 15:40:58 [INFO] com.stephen.Player - Getting full name for playerID: 1, player: Jack Worrall
2026-05-02 15:40:58 [INFO] com.stephen.Player - Getting last name for player: Jack Worrall
2026-05-02 15:40:58 [INFO] com.stephen.ID - Retrieving ID: 1
2026-05-02 15:40:58 [INFO] com.stephen.Player - Getting full name for playerID: 1, player: Jack Worrall
2026-05-02 15:40:58 [INFO] com.stephen.Player - Getting nickname for player: Jack Worrall
2026-05-02 15:40:58 [INFO] com.stephen.ID - Retrieving ID: 1
2026-05-02 15:40:58 [INFO] com.stephen.Player - Getting full name for playerID: 1, player: Jack Worrall
2026-05-02 15:40:58 [INFO] com.stephen.Player - Checking if player is bye: Jack Worrall - false
2026-05-02 15:40:58 [INFO] com.stephen.ID - Retrieving ID: 1
2026-05-02 15:40:58 [INFO] com.stephen.Player - Getting full name for playerID: 1, player: Jack Worrall
2026-05-02 15:40:58 [INFO] com.stephen.Player - Checking if player is captain: Jack Worrall - false
2026-05-02 15:40:58 [INFO] com.stephen.ID - Retrieving ID: 1
2026-05-02 15:40:58 [INFO] com.stephen.ID - Retrieving ID: 1
2026-05-02 15:40:58 [INFO] com.stephen.Player - Getting full name for playerID: 1, player: Jack Worrall
2026-05-02 15:40:58 [INFO] com.stephen.PlayerRepository - Saved player: Jack Worrall
2026-05-02 15:40:58 [INFO] com.stephen.Main - Done!
2026-05-02 15:41:54 [INFO] com.stephen.Main - PoolManager application starting...
2026-05-02 15:41:54 [INFO] com.stephen.FirebaseConfig - Firebase connected successfully!
2026-05-02 15:41:54 [INFO] com.stephen.ID - Generated new ID: 1
2026-05-02 15:41:54 [INFO] com.stephen.Player_ContactDetails - Player_ContactDetails object created with default phone number: 0
2026-05-02 15:41:54 [INFO] com.stephen.BaseStats_Key - BaseStats_Key created with eventID: 0 and teamID: null
2026-05-02 15:41:54 [INFO] com.stephen.BaseStats - Initialized BaseStats with default values.
2026-05-02 15:41:54 [INFO] com.stephen.ID - Retrieving ID: 1
2026-05-02 15:41:54 [INFO] com.stephen.Player - Getting full name for playerID: 1, player: Jack Worrall
2026-05-02 15:41:54 [INFO] com.stephen.Player - Created player: Jack Worrall
2026-05-02 15:41:55 [INFO] com.stephen.PlayerRepository - PlayerRepository initialised
2026-05-02 15:41:55 [INFO] com.stephen.ID - Retrieving ID: 1
2026-05-02 15:41:55 [INFO] com.stephen.Player - Getting full name for playerID: 1, player: Jack Worrall
2026-05-02 15:41:55 [INFO] com.stephen.PlayerRepository - Attempting to save player: Jack Worrall
2026-05-02 15:41:55 [INFO] com.stephen.ID - Retrieving ID: 1
2026-05-02 15:41:55 [INFO] com.stephen.Player - Getting full name for playerID: 1, player: Jack Worrall
2026-05-02 15:41:55 [INFO] com.stephen.Player - Getting first name for player: Jack Worrall
2026-05-02 15:41:55 [INFO] com.stephen.ID - Retrieving ID: 1
2026-05-02 15:41:55 [INFO] com.stephen.Player - Getting full name for playerID: 1, player: Jack Worrall
2026-05-02 15:41:55 [INFO] com.stephen.Player - Getting last name for player: Jack Worrall
2026-05-02 15:41:55 [INFO] com.stephen.ID - Retrieving ID: 1
2026-05-02 15:41:55 [INFO] com.stephen.Player - Getting full name for playerID: 1, player: Jack Worrall
2026-05-02 15:41:55 [INFO] com.stephen.Player - Getting nickname for player: Jack Worrall
2026-05-02 15:41:55 [INFO] com.stephen.ID - Retrieving ID: 1
2026-05-02 15:41:55 [INFO] com.stephen.Player - Getting full name for playerID: 1, player: Jack Worrall
2026-05-02 15:41:55 [INFO] com.stephen.Player - Checking if player is bye: Jack Worrall - false
2026-05-02 15:41:55 [INFO] com.stephen.ID - Retrieving ID: 1
2026-05-02 15:41:55 [INFO] com.stephen.Player - Getting full name for playerID: 1, player: Jack Worrall
2026-05-02 15:41:55 [INFO] com.stephen.Player - Checking if player is captain: Jack Worrall - false
2026-05-02 15:41:55 [INFO] com.stephen.PlayerRepository - Data map built: {firstName=Jack, lastName=Worrall, nickName=, isBye=false, isCaptain=false}
2026-05-02 15:41:55 [INFO] com.stephen.ID - Retrieving ID: 1
2026-05-02 15:41:55 [INFO] com.stephen.ID - Retrieving ID: 1
2026-05-02 15:41:55 [INFO] com.stephen.Player - Getting full name for playerID: 1, player: Jack Worrall
2026-05-02 15:41:55 [INFO] com.stephen.PlayerRepository - Firestore write confirmed for player: Jack Worrall
2026-05-02 15:41:55 [INFO] com.stephen.Main - Done!
2026-05-02 15:43:10 [INFO] com.stephen.Main - PoolManager application starting...
2026-05-02 15:43:10 [INFO] com.stephen.FirebaseConfig - Firebase connected successfully!
2026-05-02 15:43:10 [INFO] com.stephen.ID - Generated new ID: 1
2026-05-02 15:43:10 [INFO] com.stephen.Player_ContactDetails - Player_ContactDetails object created with default phone number: 0
2026-05-02 15:43:10 [INFO] com.stephen.BaseStats_Key - BaseStats_Key created with eventID: 0 and teamID: null
2026-05-02 15:43:10 [INFO] com.stephen.BaseStats - Initialized BaseStats with default values.
2026-05-02 15:43:10 [INFO] com.stephen.ID - Retrieving ID: 1
2026-05-02 15:43:10 [INFO] com.stephen.Player - Getting full name for playerID: 1, player: Gerald Clarkson
2026-05-02 15:43:10 [INFO] com.stephen.Player - Created player: Gerald Clarkson
2026-05-02 15:43:11 [INFO] com.stephen.PlayerRepository - PlayerRepository initialised
2026-05-02 15:43:11 [INFO] com.stephen.ID - Retrieving ID: 1
2026-05-02 15:43:11 [INFO] com.stephen.Player - Getting full name for playerID: 1, player: Gerald Clarkson
2026-05-02 15:43:11 [INFO] com.stephen.PlayerRepository - Attempting to save player: Gerald Clarkson
2026-05-02 15:43:11 [INFO] com.stephen.ID - Retrieving ID: 1
2026-05-02 15:43:11 [INFO] com.stephen.Player - Getting full name for playerID: 1, player: Gerald Clarkson
2026-05-02 15:43:11 [INFO] com.stephen.Player - Getting first name for player: Gerald Clarkson
2026-05-02 15:43:11 [INFO] com.stephen.ID - Retrieving ID: 1
2026-05-02 15:43:11 [INFO] com.stephen.Player - Getting full name for playerID: 1, player: Gerald Clarkson
2026-05-02 15:43:11 [INFO] com.stephen.Player - Getting last name for player: Gerald Clarkson
2026-05-02 15:43:11 [INFO] com.stephen.ID - Retrieving ID: 1
2026-05-02 15:43:11 [INFO] com.stephen.Player - Getting full name for playerID: 1, player: Gerald Clarkson
2026-05-02 15:43:11 [INFO] com.stephen.Player - Getting nickname for player: Gerald Clarkson
2026-05-02 15:43:11 [INFO] com.stephen.ID - Retrieving ID: 1
2026-05-02 15:43:11 [INFO] com.stephen.Player - Getting full name for playerID: 1, player: Gerald Clarkson
2026-05-02 15:43:11 [INFO] com.stephen.Player - Checking if player is bye: Gerald Clarkson - false
2026-05-02 15:43:11 [INFO] com.stephen.ID - Retrieving ID: 1
2026-05-02 15:43:11 [INFO] com.stephen.Player - Getting full name for playerID: 1, player: Gerald Clarkson
2026-05-02 15:43:11 [INFO] com.stephen.Player - Checking if player is captain: Gerald Clarkson - false
2026-05-02 15:43:11 [INFO] com.stephen.PlayerRepository - Data map built: {firstName=Gerald, lastName=Clarkson, nickName=, isBye=false, isCaptain=false}
2026-05-02 15:43:11 [INFO] com.stephen.ID - Retrieving ID: 1
2026-05-02 15:43:12 [INFO] com.stephen.ID - Retrieving ID: 1
2026-05-02 15:43:12 [INFO] com.stephen.Player - Getting full name for playerID: 1, player: Gerald Clarkson
2026-05-02 15:43:12 [INFO] com.stephen.PlayerRepository - Firestore write confirmed for player: Gerald Clarkson
2026-05-02 15:43:12 [INFO] com.stephen.Main - Done!
2026-05-02 16:11:29 [INFO] com.stephen.Main - PoolManager application starting...
2026-05-02 16:11:29 [INFO] com.stephen.FirebaseConfig - Firebase connected successfully!
2026-05-02 16:11:29 [INFO] com.stephen.ID - Generated new ID: 1
2026-05-02 16:11:29 [INFO] com.stephen.Player_ContactDetails - Player_ContactDetails object created with default phone number: 0
2026-05-02 16:11:29 [INFO] com.stephen.BaseStats_Key - BaseStats_Key created with eventID: 0 and teamID: null
2026-05-02 16:11:29 [INFO] com.stephen.BaseStats - Initialized BaseStats with default values.
2026-05-02 16:11:30 [INFO] com.stephen.ID - Retrieving ID: 1
2026-05-02 16:11:30 [INFO] com.stephen.Player - Getting full name for playerID: 1, player: Gerald Clarkson
2026-05-02 16:11:30 [INFO] com.stephen.Player - Created player: Gerald Clarkson
2026-05-02 16:11:30 [INFO] com.stephen.PlayerRepository - PlayerRepository initialised
2026-05-02 16:11:30 [INFO] com.stephen.ID - Retrieving ID: 1
2026-05-02 16:11:30 [INFO] com.stephen.Player - Getting full name for playerID: 1, player: Gerald Clarkson
2026-05-02 16:11:30 [INFO] com.stephen.PlayerRepository - Attempting to save player: Gerald Clarkson
2026-05-02 16:11:30 [INFO] com.stephen.ID - Retrieving ID: 1
2026-05-02 16:11:30 [INFO] com.stephen.Player - Getting full name for playerID: 1, player: Gerald Clarkson
2026-05-02 16:11:30 [INFO] com.stephen.Player - Getting first name for player: Gerald Clarkson
2026-05-02 16:11:30 [INFO] com.stephen.ID - Retrieving ID: 1
2026-05-02 16:11:30 [INFO] com.stephen.Player - Getting full name for playerID: 1, player: Gerald Clarkson
2026-05-02 16:11:30 [INFO] com.stephen.Player - Getting last name for player: Gerald Clarkson
2026-05-02 16:11:30 [INFO] com.stephen.ID - Retrieving ID: 1
2026-05-02 16:11:30 [INFO] com.stephen.Player - Getting full name for playerID: 1, player: Gerald Clarkson
2026-05-02 16:11:30 [INFO] com.stephen.Player - Getting nickname for player: Gerald Clarkson
2026-05-02 16:11:30 [INFO] com.stephen.ID - Retrieving ID: 1
2026-05-02 16:11:30 [INFO] com.stephen.Player - Getting full name for playerID: 1, player: Gerald Clarkson
2026-05-02 16:11:30 [INFO] com.stephen.Player - Checking if player is bye: Gerald Clarkson - false
2026-05-02 16:11:30 [INFO] com.stephen.ID - Retrieving ID: 1
2026-05-02 16:11:30 [INFO] com.stephen.Player - Getting full name for playerID: 1, player: Gerald Clarkson
2026-05-02 16:11:30 [INFO] com.stephen.Player - Checking if player is captain: Gerald Clarkson - false
2026-05-02 16:11:30 [INFO] com.stephen.PlayerRepository - Data map built: {firstName=Gerald, lastName=Clarkson, nickName=, isBye=false, isCaptain=false}
2026-05-02 16:11:30 [INFO] com.stephen.ID - Retrieving ID: 1
2026-05-02 16:11:31 [INFO] com.stephen.ID - Retrieving ID: 1
2026-05-02 16:11:31 [INFO] com.stephen.Player - Getting full name for playerID: 1, player: Gerald Clarkson
2026-05-02 16:11:31 [INFO] com.stephen.PlayerRepository - Firestore write confirmed for player: Gerald Clarkson
2026-05-02 16:11:31 [INFO] com.stephen.ID - Generated new ID: 2
2026-05-02 16:11:31 [INFO] com.stephen.Team_ContactDetails - Team_ContactDetails constructor called with null location
2026-05-02 16:11:31 [INFO] com.stephen.ID - Retrieving ID: 2
2026-05-02 16:11:31 [INFO] com.stephen.BaseStats_Key - BaseStats_Key created with eventID: 0 and teamID: 2
2026-05-02 16:11:31 [INFO] com.stephen.Team - Getting or creating team stats for: the A Team with key: BaseStats_Key[eventID=0, teamID=2]
2026-05-02 16:11:31 [INFO] com.stephen.BaseStats - Initialized BaseStats with default values.
2026-05-02 16:11:31 [INFO] com.stephen.Team - Created team: the A Team
2026-05-02 16:11:31 [INFO] com.stephen.PlayerRepository - PlayerRepository initialised
2026-05-02 16:11:31 [INFO] com.stephen.Team - Getting team name: the A Team
2026-05-02 16:11:31 [INFO] com.stephen.PlayerRepository - Attempting to save team: the A Team
2026-05-02 16:11:31 [INFO] com.stephen.Team - Getting team name: the A Team
2026-05-02 16:11:31 [INFO] com.stephen.Team - Checking if team is bye: the A Team
2026-05-02 16:11:31 [INFO] com.stephen.Team - Getting captain for team: the A Team
2026-05-02 16:11:31 [INFO] com.stephen.PlayerRepository - Data map built: {teamName=the A Team, isBye=false, isCaptain=null}
2026-05-02 16:11:31 [INFO] com.stephen.ID - Retrieving ID: 2
2026-05-02 16:11:31 [INFO] com.stephen.Team - Getting team name: the A Team
2026-05-02 16:11:31 [INFO] com.stephen.PlayerRepository - Firestore write confirmed for player: the A Team
2026-05-02 16:11:31 [INFO] com.stephen.Main - Done!
2026-05-02 16:11:53 [INFO] com.stephen.Main - PoolManager application starting...
2026-05-02 16:11:53 [INFO] com.stephen.FirebaseConfig - Firebase connected successfully!
2026-05-02 16:11:53 [INFO] com.stephen.ID - Generated new ID: 1
2026-05-02 16:11:53 [INFO] com.stephen.Team_ContactDetails - Team_ContactDetails constructor called with null location
2026-05-02 16:11:53 [INFO] com.stephen.ID - Retrieving ID: 1
2026-05-02 16:11:53 [INFO] com.stephen.BaseStats_Key - BaseStats_Key created with eventID: 0 and teamID: 1
2026-05-02 16:11:53 [INFO] com.stephen.Team - Getting or creating team stats for: the A Team with key: BaseStats_Key[eventID=0, teamID=1]
2026-05-02 16:11:53 [INFO] com.stephen.BaseStats - Initialized BaseStats with default values.
2026-05-02 16:11:53 [INFO] com.stephen.Team - Created team: the A Team
2026-05-02 16:11:54 [INFO] com.stephen.PlayerRepository - PlayerRepository initialised
2026-05-02 16:11:54 [INFO] com.stephen.Team - Getting team name: the A Team
2026-05-02 16:11:54 [INFO] com.stephen.PlayerRepository - Attempting to save team: the A Team
2026-05-02 16:11:54 [INFO] com.stephen.Team - Getting team name: the A Team
2026-05-02 16:11:54 [INFO] com.stephen.Team - Checking if team is bye: the A Team
2026-05-02 16:11:54 [INFO] com.stephen.Team - Getting captain for team: the A Team
2026-05-02 16:11:54 [INFO] com.stephen.PlayerRepository - Data map built: {teamName=the A Team, isBye=false, isCaptain=null}
2026-05-02 16:11:54 [INFO] com.stephen.ID - Retrieving ID: 1
2026-05-02 16:11:54 [INFO] com.stephen.Team - Getting team name: the A Team
2026-05-02 16:11:54 [INFO] com.stephen.PlayerRepository - Firestore write confirmed for player: the A Team
2026-05-02 16:11:54 [INFO] com.stephen.Main - Done!
2026-05-02 16:14:37 [INFO] com.stephen.Main - PoolManager application starting...
2026-05-02 16:14:37 [INFO] com.stephen.FirebaseConfig - Firebase connected successfully!
2026-05-02 16:14:37 [INFO] com.stephen.ID - Generated new ID: 1
2026-05-02 16:14:37 [INFO] com.stephen.Team_ContactDetails - Team_ContactDetails constructor called with null location
2026-05-02 16:14:37 [INFO] com.stephen.ID - Retrieving ID: 1
2026-05-02 16:14:37 [INFO] com.stephen.BaseStats_Key - BaseStats_Key created with eventID: 0 and teamID: 1
2026-05-02 16:14:37 [INFO] com.stephen.Team - Getting or creating team stats for: the A Team with key: BaseStats_Key[eventID=0, teamID=1]
2026-05-02 16:14:37 [INFO] com.stephen.BaseStats - Initialized BaseStats with default values.
2026-05-02 16:14:37 [INFO] com.stephen.Team - Created team: the A Team
2026-05-02 16:14:38 [INFO] com.stephen.Team_Repository - Team_Repository initialised
2026-05-02 16:14:38 [INFO] com.stephen.Team - Getting team name: the A Team
2026-05-02 16:14:38 [INFO] com.stephen.Team_Repository - Attempting to save team: the A Team
2026-05-02 16:14:38 [INFO] com.stephen.Team - Getting team name: the A Team
2026-05-02 16:14:38 [INFO] com.stephen.Team - Checking if team is bye: the A Team
2026-05-02 16:14:38 [INFO] com.stephen.Team - Getting captain for team: the A Team
2026-05-02 16:14:38 [INFO] com.stephen.Team_Repository - Data map built: {teamName=the A Team, isBye=false, isCaptain=null}
2026-05-02 16:14:38 [INFO] com.stephen.ID - Retrieving ID: 1
2026-05-02 16:14:38 [INFO] com.stephen.Team - Getting team name: the A Team
2026-05-02 16:14:38 [INFO] com.stephen.Team_Repository - Firestore write confirmed for team: the A Team
2026-05-02 16:14:38 [INFO] com.stephen.Main - Done!
2026-05-02 16:15:33 [INFO] com.stephen.Main - PoolManager application starting...
2026-05-02 16:15:33 [INFO] com.stephen.FirebaseConfig - Firebase connected successfully!
2026-05-02 16:15:33 [INFO] com.stephen.ID - Generated new ID: 1
2026-05-02 16:15:33 [INFO] com.stephen.Team_ContactDetails - Team_ContactDetails constructor called with null location
2026-05-02 16:15:33 [INFO] com.stephen.ID - Retrieving ID: 1
2026-05-02 16:15:33 [INFO] com.stephen.BaseStats_Key - BaseStats_Key created with eventID: 0 and teamID: 1
2026-05-02 16:15:33 [INFO] com.stephen.Team - Getting or creating team stats for: the A Team with key: BaseStats_Key[eventID=0, teamID=1]
2026-05-02 16:15:33 [INFO] com.stephen.BaseStats - Initialized BaseStats with default values.
2026-05-02 16:15:33 [INFO] com.stephen.Team - Created team: the A Team
2026-05-02 16:15:34 [INFO] com.stephen.Team_Repository - Team_Repository initialised
2026-05-02 16:15:34 [INFO] com.stephen.Team - Getting team name: the A Team
2026-05-02 16:15:34 [INFO] com.stephen.Team_Repository - Attempting to save team: the A Team
2026-05-02 16:15:34 [INFO] com.stephen.Team - Getting team name: the A Team
2026-05-02 16:15:34 [INFO] com.stephen.Team - Checking if team is bye: the A Team
2026-05-02 16:15:34 [INFO] com.stephen.Team - Getting captain for team: the A Team
2026-05-02 16:15:34 [INFO] com.stephen.Team_Repository - Data map built: {teamName=the A Team, isBye=false, captain=null}
2026-05-02 16:15:34 [INFO] com.stephen.ID - Retrieving ID: 1
2026-05-02 16:15:35 [INFO] com.stephen.Team - Getting team name: the A Team
2026-05-02 16:15:35 [INFO] com.stephen.Team_Repository - Firestore write confirmed for team: the A Team
2026-05-02 16:15:35 [INFO] com.stephen.Main - Done!
2026-05-02 16:21:08 [INFO] com.stephen.Main - PoolManager application starting...
2026-05-02 16:21:09 [INFO] com.stephen.FirebaseConfig - Firebase connected successfully!
2026-05-02 16:21:09 [INFO] com.stephen.ID - Generated new ID: 1
2026-05-02 16:21:09 [INFO] com.stephen.Player_ContactDetails - Player_ContactDetails object created with default phone number: 0
2026-05-02 16:21:09 [INFO] com.stephen.BaseStats_Key - BaseStats_Key created with eventID: 0 and teamID: null
2026-05-02 16:21:09 [INFO] com.stephen.BaseStats - Initialized BaseStats with default values.
2026-05-02 16:21:09 [INFO] com.stephen.ID - Retrieving ID: 1
2026-05-02 16:21:09 [INFO] com.stephen.Player - Getting full name for playerID: 1, player: Dan Worrall
2026-05-02 16:21:09 [INFO] com.stephen.Player - Created player: Dan Worrall
2026-05-02 16:21:09 [INFO] com.stephen.ID - Generated new ID: 2
2026-05-02 16:21:09 [INFO] com.stephen.Player_ContactDetails - Player_ContactDetails object created with default phone number: 0
2026-05-02 16:21:09 [INFO] com.stephen.BaseStats_Key - BaseStats_Key created with eventID: 0 and teamID: null
2026-05-02 16:21:09 [INFO] com.stephen.BaseStats - Initialized BaseStats with default values.
2026-05-02 16:21:09 [INFO] com.stephen.ID - Retrieving ID: 2
2026-05-02 16:21:09 [INFO] com.stephen.Player - Getting full name for playerID: 2, player: John Smith
2026-05-02 16:21:09 [INFO] com.stephen.Player - Created player: John Smith
2026-05-02 16:21:09 [INFO] com.stephen.Player_Repository - PlayerRepository initialised
2026-05-02 16:21:09 [INFO] com.stephen.ID - Retrieving ID: 1
2026-05-02 16:21:09 [INFO] com.stephen.Player - Getting full name for playerID: 1, player: Dan Worrall
2026-05-02 16:21:09 [INFO] com.stephen.Player_Repository - Attempting to save player: Dan Worrall
2026-05-02 16:21:09 [INFO] com.stephen.ID - Retrieving ID: 1
2026-05-02 16:21:09 [INFO] com.stephen.Player - Getting full name for playerID: 1, player: Dan Worrall
2026-05-02 16:21:09 [INFO] com.stephen.Player - Getting first name for player: Dan Worrall
2026-05-02 16:21:09 [INFO] com.stephen.ID - Retrieving ID: 1
2026-05-02 16:21:09 [INFO] com.stephen.Player - Getting full name for playerID: 1, player: Dan Worrall
2026-05-02 16:21:09 [INFO] com.stephen.Player - Getting last name for player: Dan Worrall
2026-05-02 16:21:09 [INFO] com.stephen.ID - Retrieving ID: 1
2026-05-02 16:21:09 [INFO] com.stephen.Player - Getting full name for playerID: 1, player: Dan Worrall
2026-05-02 16:21:09 [INFO] com.stephen.Player - Getting nickname for player: Dan Worrall
2026-05-02 16:21:09 [INFO] com.stephen.ID - Retrieving ID: 1
2026-05-02 16:21:09 [INFO] com.stephen.Player - Getting full name for playerID: 1, player: Dan Worrall
2026-05-02 16:21:09 [INFO] com.stephen.Player - Checking if player is bye: Dan Worrall - false
2026-05-02 16:21:09 [INFO] com.stephen.ID - Retrieving ID: 1
2026-05-02 16:21:09 [INFO] com.stephen.Player - Getting full name for playerID: 1, player: Dan Worrall
2026-05-02 16:21:09 [INFO] com.stephen.Player - Checking if player is captain: Dan Worrall - false
2026-05-02 16:21:09 [INFO] com.stephen.Player_Repository - Data map built: {firstName=Dan, lastName=Worrall, nickName=, isBye=false, isCaptain=false}
2026-05-02 16:21:09 [INFO] com.stephen.ID - Retrieving ID: 1
2026-05-02 16:21:10 [INFO] com.stephen.ID - Retrieving ID: 1
2026-05-02 16:21:10 [INFO] com.stephen.Player - Getting full name for playerID: 1, player: Dan Worrall
2026-05-02 16:21:10 [INFO] com.stephen.Player_Repository - Firestore write confirmed for player: Dan Worrall
2026-05-02 16:21:10 [INFO] com.stephen.ID - Retrieving ID: 2
2026-05-02 16:21:10 [INFO] com.stephen.Player - Getting full name for playerID: 2, player: John Smith
2026-05-02 16:21:10 [INFO] com.stephen.Player_Repository - Attempting to save player: John Smith
2026-05-02 16:21:10 [INFO] com.stephen.ID - Retrieving ID: 2
2026-05-02 16:21:10 [INFO] com.stephen.Player - Getting full name for playerID: 2, player: John Smith
2026-05-02 16:21:10 [INFO] com.stephen.Player - Getting first name for player: John Smith
2026-05-02 16:21:10 [INFO] com.stephen.ID - Retrieving ID: 2
2026-05-02 16:21:10 [INFO] com.stephen.Player - Getting full name for playerID: 2, player: John Smith
2026-05-02 16:21:10 [INFO] com.stephen.Player - Getting last name for player: John Smith
2026-05-02 16:21:10 [INFO] com.stephen.ID - Retrieving ID: 2
2026-05-02 16:21:10 [INFO] com.stephen.Player - Getting full name for playerID: 2, player: John Smith
2026-05-02 16:21:10 [INFO] com.stephen.Player - Getting nickname for player: John Smith
2026-05-02 16:21:10 [INFO] com.stephen.ID - Retrieving ID: 2
2026-05-02 16:21:10 [INFO] com.stephen.Player - Getting full name for playerID: 2, player: John Smith
2026-05-02 16:21:10 [INFO] com.stephen.Player - Checking if player is bye: John Smith - false
2026-05-02 16:21:10 [INFO] com.stephen.ID - Retrieving ID: 2
2026-05-02 16:21:10 [INFO] com.stephen.Player - Getting full name for playerID: 2, player: John Smith
2026-05-02 16:21:10 [INFO] com.stephen.Player - Checking if player is captain: John Smith - false
2026-05-02 16:21:10 [INFO] com.stephen.Player_Repository - Data map built: {firstName=John, lastName=Smith, nickName=, isBye=false, isCaptain=false}
2026-05-02 16:21:10 [INFO] com.stephen.ID - Retrieving ID: 2
2026-05-02 16:21:10 [INFO] com.stephen.ID - Retrieving ID: 2
2026-05-02 16:21:10 [INFO] com.stephen.Player - Getting full name for playerID: 2, player: John Smith
2026-05-02 16:21:10 [INFO] com.stephen.Player_Repository - Firestore write confirmed for player: John Smith
2026-05-02 16:21:10 [INFO] com.stephen.ID - Generated new ID: 3
2026-05-02 16:21:10 [INFO] com.stephen.Team_ContactDetails - Team_ContactDetails constructor called with null location
2026-05-02 16:21:10 [INFO] com.stephen.ID - Retrieving ID: 3
2026-05-02 16:21:10 [INFO] com.stephen.BaseStats_Key - BaseStats_Key created with eventID: 0 and teamID: 3
2026-05-02 16:21:10 [INFO] com.stephen.Team - Getting or creating team stats for: The A Team with key: BaseStats_Key[eventID=0, teamID=3]
2026-05-02 16:21:10 [INFO] com.stephen.BaseStats - Initialized BaseStats with default values.
2026-05-02 16:21:10 [INFO] com.stephen.Team - Created team: The A Team
2026-05-02 16:21:10 [INFO] com.stephen.ID - Retrieving ID: 1
2026-05-02 16:21:10 [INFO] com.stephen.Player - Getting full name for playerID: 1, player: Dan Worrall
2026-05-02 16:21:10 [INFO] com.stephen.Player - Checking if player is bye: Dan Worrall - false
2026-05-02 16:21:10 [INFO] com.stephen.ID - Retrieving ID: 1
2026-05-02 16:21:10 [INFO] com.stephen.Player - Getting full name for playerID: 1, player: Dan Worrall
2026-05-02 16:21:10 [INFO] com.stephen.Player - Checking if player is bye: Dan Worrall - false
2026-05-02 16:21:10 [ERROR] com.stephen.Team - Captain must be in the team
2026-05-02 16:21:10 [INFO] com.stephen.ID - Retrieving ID: 1
2026-05-02 16:21:10 [INFO] com.stephen.Player - Getting full name for playerID: 1, player: Dan Worrall
2026-05-02 16:21:10 [INFO] com.stephen.Player - Made player captain: (C) Dan Worrall
2026-05-02 16:21:10 [INFO] com.stephen.ID - Retrieving ID: 1
2026-05-02 16:21:10 [INFO] com.stephen.Player - Getting full name for playerID: 1, player: Dan Worrall
2026-05-02 16:21:10 [INFO] com.stephen.Player - Getting name for player: (C) Dan Worrall
2026-05-02 16:21:10 [INFO] com.stephen.ID - Retrieving ID: 1
2026-05-02 16:21:10 [INFO] com.stephen.Player - Getting full name for playerID: 1, player: Dan Worrall
2026-05-02 16:21:10 [INFO] com.stephen.Team - Updated captain for team: The A Team to: (C) Dan Worrall
2026-05-02 16:21:10 [INFO] com.stephen.ID - Retrieving ID: 3
2026-05-02 16:21:10 [INFO] com.stephen.BaseStats_Key - BaseStats_Key created with eventID: 0 and teamID: 3
2026-05-02 16:21:10 [INFO] com.stephen.ID - Retrieving ID: 1
2026-05-02 16:21:10 [INFO] com.stephen.Player - Getting full name for playerID: 1, player: Dan Worrall
2026-05-02 16:21:10 [INFO] com.stephen.Player - Getting or creating stats for player: (C) Dan Worrall - Key: BaseStats_Key[eventID=0, teamID=3]
2026-05-02 16:21:10 [INFO] com.stephen.BaseStats - Initialized BaseStats with default values.
2026-05-02 16:21:10 [INFO] com.stephen.ID - Retrieving ID: 1
2026-05-02 16:21:10 [INFO] com.stephen.Player - Getting full name for playerID: 1, player: Dan Worrall
2026-05-02 16:21:10 [INFO] com.stephen.Player - Getting name for player: (C) Dan Worrall
2026-05-02 16:21:10 [INFO] com.stephen.ID - Retrieving ID: 1
2026-05-02 16:21:10 [INFO] com.stephen.Player - Getting full name for playerID: 1, player: Dan Worrall
2026-05-02 16:21:10 [INFO] com.stephen.Team - Added player: (C) Dan Worrall to team: The A Team
2026-05-02 16:21:10 [INFO] com.stephen.ID - Retrieving ID: 2
2026-05-02 16:21:10 [INFO] com.stephen.Player - Getting full name for playerID: 2, player: John Smith
2026-05-02 16:21:10 [INFO] com.stephen.Player - Checking if player is bye: John Smith - false
2026-05-02 16:21:10 [INFO] com.stephen.ID - Retrieving ID: 3
2026-05-02 16:21:10 [INFO] com.stephen.BaseStats_Key - BaseStats_Key created with eventID: 0 and teamID: 3
2026-05-02 16:21:10 [INFO] com.stephen.ID - Retrieving ID: 2
2026-05-02 16:21:10 [INFO] com.stephen.Player - Getting full name for playerID: 2, player: John Smith
2026-05-02 16:21:10 [INFO] com.stephen.Player - Getting or creating stats for player: John Smith - Key: BaseStats_Key[eventID=0, teamID=3]
2026-05-02 16:21:10 [INFO] com.stephen.BaseStats - Initialized BaseStats with default values.
2026-05-02 16:21:10 [INFO] com.stephen.ID - Retrieving ID: 2
2026-05-02 16:21:10 [INFO] com.stephen.Player - Getting full name for playerID: 2, player: John Smith
2026-05-02 16:21:10 [INFO] com.stephen.Player - Getting name for player: John Smith
2026-05-02 16:21:10 [INFO] com.stephen.ID - Retrieving ID: 2
2026-05-02 16:21:10 [INFO] com.stephen.Player - Getting full name for playerID: 2, player: John Smith
2026-05-02 16:21:10 [INFO] com.stephen.Team - Added player: John Smith to team: The A Team
2026-05-02 16:21:10 [INFO] com.stephen.Team_Repository - Team_Repository initialised
2026-05-02 16:21:10 [INFO] com.stephen.Team - Getting team name: The A Team
2026-05-02 16:21:10 [INFO] com.stephen.Team_Repository - Attempting to save team: The A Team
2026-05-02 16:21:10 [INFO] com.stephen.Team - Getting team name: The A Team
2026-05-02 16:21:10 [INFO] com.stephen.Team - Checking if team is bye: The A Team
2026-05-02 16:21:10 [INFO] com.stephen.Team - Getting captain for team: The A Team
2026-05-02 16:21:10 [INFO] com.stephen.Team - Getting captain for team: The A Team
2026-05-02 16:21:10 [INFO] com.stephen.ID - Retrieving ID: 1
2026-05-02 16:21:10 [INFO] com.stephen.Team - Getting players for team: The A Team
2026-05-02 16:21:10 [INFO] com.stephen.ID - Retrieving ID: 1
2026-05-02 16:21:10 [INFO] com.stephen.ID - Retrieving ID: 2
2026-05-02 16:21:10 [INFO] com.stephen.Team_Repository - Data map built: {teamName=The A Team, captainId=1, isBye=false, playerIds=[1, 2]}
2026-05-02 16:21:10 [INFO] com.stephen.ID - Retrieving ID: 3
2026-05-02 16:21:10 [INFO] com.stephen.Team - Getting team name: The A Team
2026-05-02 16:21:10 [INFO] com.stephen.Team_Repository - Firestore write confirmed for team: The A Team
2026-05-02 16:21:10 [INFO] com.stephen.Main - Done!
