2026-05-02 15:30:25 [INFO] com.stephen.Main - PoolManager application starting...
2026-05-02 15:30:25 [INFO] com.stephen.FirebaseConfig - Firebase connected successfully!
2026-05-02 15:30:25 [INFO] com.stephen.ID - Generated new ID: 1
2026-05-02 15:30:25 [INFO] com.stephen.Player_ContactDetails - Player_ContactDetails object created with default phone number: 0
2026-05-02 15:30:25 [INFO] com.stephen.BaseStats_Key - BaseStats_Key created with eventID: 0 and teamID: null
2026-05-02 15:30:25 [INFO] com.stephen.BaseStats - Initialized BaseStats with default values.
2026-05-02 15:33:46 [INFO] com.stephen.Main - PoolManager application starting...
2026-05-02 15:33:46 [INFO] com.stephen.FirebaseConfig - Firebase connected successfully!
2026-05-02 15:33:46 [INFO] com.stephen.ID - Generated new ID: 1
2026-05-02 15:33:46 [INFO] com.stephen.Player_ContactDetails - Player_ContactDetails object created with default phone number: 0
2026-05-02 15:33:46 [INFO] com.stephen.BaseStats_Key - BaseStats_Key created with eventID: 0 and teamID: null
2026-05-02 15:33:46 [INFO] com.stephen.BaseStats - Initialized BaseStats with default values.
2026-05-02 15:33:46 [INFO] com.stephen.ID - Retrieving ID: 1
2026-05-02 15:33:46 [INFO] com.stephen.Player - Getting full name for playerID: 1, player: Stephen Worrall
2026-05-02 15:33:46 [INFO] com.stephen.Player - Created player: Stephen Worrall
2026-05-02 15:33:48 [INFO] com.stephen.PlayerRepository - PlayerRepository initialised
2026-05-02 15:33:48 [INFO] com.stephen.ID - Retrieving ID: 1
2026-05-02 15:33:48 [INFO] com.stephen.Player - Getting full name for playerID: 1, player: Stephen Worrall
2026-05-02 15:33:48 [INFO] com.stephen.Player - Getting first name for player: Stephen Worrall
2026-05-02 15:33:48 [INFO] com.stephen.ID - Retrieving ID: 1
2026-05-02 15:33:48 [INFO] com.stephen.Player - Getting full name for playerID: 1, player: Stephen Worrall
2026-05-02 15:33:48 [INFO] com.stephen.Player - Getting last name for player: Stephen Worrall
2026-05-02 15:33:48 [INFO] com.stephen.ID - Retrieving ID: 1
2026-05-02 15:33:48 [INFO] com.stephen.Player - Getting full name for playerID: 1, player: Stephen Worrall
2026-05-02 15:33:48 [INFO] com.stephen.Player - Getting nickname for player: Stephen Worrall
2026-05-02 15:33:48 [INFO] com.stephen.ID - Retrieving ID: 1
2026-05-02 15:33:48 [INFO] com.stephen.Player - Getting full name for playerID: 1, player: Stephen Worrall
2026-05-02 15:33:48 [INFO] com.stephen.Player - Checking if player is bye: Stephen Worrall - false
2026-05-02 15:33:48 [INFO] com.stephen.ID - Retrieving ID: 1
2026-05-02 15:33:48 [INFO] com.stephen.Player - Getting full name for playerID: 1, player: Stephen Worrall
2026-05-02 15:33:48 [INFO] com.stephen.Player - Checking if player is captain: Stephen Worrall - false
2026-05-02 15:33:48 [INFO] com.stephen.ID - Retrieving ID: 1
2026-05-02 15:33:48 [INFO] com.stephen.ID - Retrieving ID: 1
2026-05-02 15:33:48 [INFO] com.stephen.Player - Getting full name for playerID: 1, player: Stephen Worrall
2026-05-02 15:33:48 [INFO] com.stephen.PlayerRepository - Saved player: Stephen Worrall
2026-05-02 15:33:48 [INFO] com.stephen.Main - Done!
2026-05-02 15:36:07 [INFO] com.stephen.Main - PoolManager application starting...
2026-05-02 15:36:07 [INFO] com.stephen.FirebaseConfig - Firebase connected successfully!
2026-05-02 15:36:07 [INFO] com.stephen.ID - Generated new ID: 1
2026-05-02 15:36:07 [INFO] com.stephen.Player_ContactDetails - Player_ContactDetails object created with default phone number: 0
2026-05-02 15:36:07 [INFO] com.stephen.BaseStats_Key - BaseStats_Key created with eventID: 0 and teamID: null
2026-05-02 15:36:07 [INFO] com.stephen.BaseStats - Initialized BaseStats with default values.
2026-05-02 15:36:07 [INFO] com.stephen.ID - Retrieving ID: 1
2026-05-02 15:36:07 [INFO] com.stephen.Player - Getting full name for playerID: 1, player: Jack Worrall
2026-05-02 15:36:07 [INFO] com.stephen.Player - Created player: Jack Worrall
2026-05-02 15:36:08 [INFO] com.stephen.PlayerRepository - PlayerRepository initialised
2026-05-02 15:36:08 [INFO] com.stephen.ID - Retrieving ID: 1
2026-05-02 15:36:08 [INFO] com.stephen.Player - Getting full name for playerID: 1, player: Jack Worrall
2026-05-02 15:36:08 [INFO] com.stephen.Player - Getting first name for player: Jack Worrall
2026-05-02 15:36:08 [INFO] com.stephen.ID - Retrieving ID: 1
2026-05-02 15:36:08 [INFO] com.stephen.Player - Getting full name for playerID: 1, player: Jack Worrall
2026-05-02 15:36:08 [INFO] com.stephen.Player - Getting last name for player: Jack Worrall
2026-05-02 15:36:08 [INFO] com.stephen.ID - Retrieving ID: 1
2026-05-02 15:36:08 [INFO] com.stephen.Player - Getting full name for playerID: 1, player: Jack Worrall
2026-05-02 15:36:08 [INFO] com.stephen.Player - Getting nickname for player: Jack Worrall
2026-05-02 15:36:08 [INFO] com.stephen.ID - Retrieving ID: 1
2026-05-02 15:36:08 [INFO] com.stephen.Player - Getting full name for playerID: 1, player: Jack Worrall
2026-05-02 15:36:08 [INFO] com.stephen.Player - Checking if player is bye: Jack Worrall - false
2026-05-02 15:36:08 [INFO] com.stephen.ID - Retrieving ID: 1
2026-05-02 15:36:08 [INFO] com.stephen.Player - Getting full name for playerID: 1, player: Jack Worrall
2026-05-02 15:36:08 [INFO] com.stephen.Player - Checking if player is captain: Jack Worrall - false
2026-05-02 15:36:08 [INFO] com.stephen.ID - Retrieving ID: 1
2026-05-02 15:36:08 [INFO] com.stephen.ID - Retrieving ID: 1
2026-05-02 15:36:08 [INFO] com.stephen.Player - Getting full name for playerID: 1, player: Jack Worrall
2026-05-02 15:36:08 [INFO] com.stephen.PlayerRepository - Saved player: Jack Worrall
2026-05-02 15:36:08 [INFO] com.stephen.Main - Done!
2026-05-02 15:37:20 [INFO] com.stephen.Main - PoolManager application starting...
2026-05-02 15:37:20 [INFO] com.stephen.FirebaseConfig - Firebase connected successfully!
2026-05-02 15:37:20 [INFO] com.stephen.ID - Generated new ID: 1
2026-05-02 15:37:20 [INFO] com.stephen.Player_ContactDetails - Player_ContactDetails object created with default phone number: 0
2026-05-02 15:37:20 [INFO] com.stephen.BaseStats_Key - BaseStats_Key created with eventID: 0 and teamID: null
2026-05-02 15:37:20 [INFO] com.stephen.BaseStats - Initialized BaseStats with default values.
2026-05-02 15:37:20 [INFO] com.stephen.ID - Retrieving ID: 1
2026-05-02 15:37:20 [INFO] com.stephen.Player - Getting full name for playerID: 1, player: Jack Worrall
2026-05-02 15:37:20 [INFO] com.stephen.Player - Created player: Jack Worrall
2026-05-02 15:37:21 [INFO] com.stephen.PlayerRepository - PlayerRepository initialised
2026-05-02 15:37:21 [INFO] com.stephen.ID - Retrieving ID: 1
2026-05-02 15:37:21 [INFO] com.stephen.Player - Getting full name for playerID: 1, player: Jack Worrall
2026-05-02 15:37:21 [INFO] com.stephen.Player - Getting first name for player: Jack Worrall
2026-05-02 15:37:21 [INFO] com.stephen.ID - Retrieving ID: 1
2026-05-02 15:37:21 [INFO] com.stephen.Player - Getting full name for playerID: 1, player: Jack Worrall
2026-05-02 15:37:21 [INFO] com.stephen.Player - Getting last name for player: Jack Worrall
2026-05-02 15:37:21 [INFO] com.stephen.ID - Retrieving ID: 1
2026-05-02 15:37:21 [INFO] com.stephen.Player - Getting full name for playerID: 1, player: Jack Worrall
2026-05-02 15:37:21 [INFO] com.stephen.Player - Getting nickname for player: Jack Worrall
2026-05-02 15:37:21 [INFO] com.stephen.ID - Retrieving ID: 1
2026-05-02 15:37:21 [INFO] com.stephen.Player - Getting full name for playerID: 1, player: Jack Worrall
2026-05-02 15:37:21 [INFO] com.stephen.Player - Checking if player is bye: Jack Worrall - false
2026-05-02 15:37:21 [INFO] com.stephen.ID - Retrieving ID: 1
2026-05-02 15:37:21 [INFO] com.stephen.Player - Getting full name for playerID: 1, player: Jack Worrall
2026-05-02 15:37:21 [INFO] com.stephen.Player - Checking if player is captain: Jack Worrall - false
2026-05-02 15:37:21 [INFO] com.stephen.ID - Retrieving ID: 1
2026-05-02 15:37:21 [INFO] com.stephen.ID - Retrieving ID: 1
2026-05-02 15:37:21 [INFO] com.stephen.Player - Getting full name for playerID: 1, player: Jack Worrall
2026-05-02 15:37:21 [INFO] com.stephen.PlayerRepository - Saved player: Jack Worrall
2026-05-02 15:37:21 [INFO] com.stephen.Main - Done!
2026-05-02 15:40:57 [INFO] com.stephen.Main - PoolManager application starting...
2026-05-02 15:40:57 [INFO] com.stephen.FirebaseConfig - Firebase connected successfully!
2026-05-02 15:40:57 [INFO] com.stephen.ID - Generated new ID: 1
2026-05-02 15:40:57 [INFO] com.stephen.Player_ContactDetails - Player_ContactDetails object created with default phone number: 0
2026-05-02 15:40:57 [INFO] com.stephen.BaseStats_Key - BaseStats_Key created with eventID: 0 and teamID: null
2026-05-02 15:40:57 [INFO] com.stephen.BaseStats - Initialized BaseStats with default values.
2026-05-02 15:40:57 [INFO] com.stephen.ID - Retrieving ID: 1
2026-05-02 15:40:57 [INFO] com.stephen.Player - Getting full name for playerID: 1, player: Jack Worrall
2026-05-02 15:40:57 [INFO] com.stephen.Player - Created player: Jack Worrall
2026-05-02 15:40:58 [INFO] com.stephen.PlayerRepository - PlayerRepository initialised
2026-05-02 15:40:58 [INFO] com.stephen.ID - Retrieving ID: 1
2026-05-02 15:40:58 [INFO] com.stephen.Player - Getting full name for playerID: 1, player: Jack Worrall
2026-05-02 15:40:58 [INFO] com.stephen.Player - Getting first name for player: Jack Worrall
2026-05-02 15:40:58 [INFO] com.stephen.ID - Retrieving ID: 1
2026-05-02 15:40:58 [INFO] com.stephen.Player - Getting full name for playerID: 1, player: Jack Worrall
2026-05-02 15:40:58 [INFO] com.stephen.Player - Getting last name for player: Jack Worrall
2026-05-02 15:40:58 [INFO] com.stephen.ID - Retrieving ID: 1
2026-05-02 15:40:58 [INFO] com.stephen.Player - Getting full name for playerID: 1, player: Jack Worrall
2026-05-02 15:40:58 [INFO] com.stephen.Player - Getting nickname for player: Jack Worrall
2026-05-02 15:40:58 [INFO] com.stephen.ID - Retrieving ID: 1
2026-05-02 15:40:58 [INFO] com.stephen.Player - Getting full name for playerID: 1, player: Jack Worrall
2026-05-02 15:40:58 [INFO] com.stephen.Player - Checking if player is bye: Jack Worrall - false
2026-05-02 15:40:58 [INFO] com.stephen.ID - Retrieving ID: 1
2026-05-02 15:40:58 [INFO] com.stephen.Player - Getting full name for playerID: 1, player: Jack Worrall
2026-05-02 15:40:58 [INFO] com.stephen.Player - Checking if player is captain: Jack Worrall - false
2026-05-02 15:40:58 [INFO] com.stephen.ID - Retrieving ID: 1
2026-05-02 15:40:58 [INFO] com.stephen.ID - Retrieving ID: 1
2026-05-02 15:40:58 [INFO] com.stephen.Player - Getting full name for playerID: 1, player: Jack Worrall
2026-05-02 15:40:58 [INFO] com.stephen.PlayerRepository - Saved player: Jack Worrall
2026-05-02 15:40:58 [INFO] com.stephen.Main - Done!
2026-05-02 15:41:54 [INFO] com.stephen.Main - PoolManager application starting...
2026-05-02 15:41:54 [INFO] com.stephen.FirebaseConfig - Firebase connected successfully!
2026-05-02 15:41:54 [INFO] com.stephen.ID - Generated new ID: 1
2026-05-02 15:41:54 [INFO] com.stephen.Player_ContactDetails - Player_ContactDetails object created with default phone number: 0
2026-05-02 15:41:54 [INFO] com.stephen.BaseStats_Key - BaseStats_Key created with eventID: 0 and teamID: null
2026-05-02 15:41:54 [INFO] com.stephen.BaseStats - Initialized BaseStats with default values.
2026-05-02 15:41:54 [INFO] com.stephen.ID - Retrieving ID: 1
2026-05-02 15:41:54 [INFO] com.stephen.Player - Getting full name for playerID: 1, player: Jack Worrall
2026-05-02 15:41:54 [INFO] com.stephen.Player - Created player: Jack Worrall
2026-05-02 15:41:55 [INFO] com.stephen.PlayerRepository - PlayerRepository initialised
2026-05-02 15:41:55 [INFO] com.stephen.ID - Retrieving ID: 1
2026-05-02 15:41:55 [INFO] com.stephen.Player - Getting full name for playerID: 1, player: Jack Worrall
2026-05-02 15:41:55 [INFO] com.stephen.PlayerRepository - Attempting to save player: Jack Worrall
2026-05-02 15:41:55 [INFO] com.stephen.ID - Retrieving ID: 1
2026-05-02 15:41:55 [INFO] com.stephen.Player - Getting full name for playerID: 1, player: Jack Worrall
2026-05-02 15:41:55 [INFO] com.stephen.Player - Getting first name for player: Jack Worrall
2026-05-02 15:41:55 [INFO] com.stephen.ID - Retrieving ID: 1
2026-05-02 15:41:55 [INFO] com.stephen.Player - Getting full name for playerID: 1, player: Jack Worrall
2026-05-02 15:41:55 [INFO] com.stephen.Player - Getting last name for player: Jack Worrall
2026-05-02 15:41:55 [INFO] com.stephen.ID - Retrieving ID: 1
2026-05-02 15:41:55 [INFO] com.stephen.Player - Getting full name for playerID: 1, player: Jack Worrall
2026-05-02 15:41:55 [INFO] com.stephen.Player - Getting nickname for player: Jack Worrall
2026-05-02 15:41:55 [INFO] com.stephen.ID - Retrieving ID: 1
2026-05-02 15:41:55 [INFO] com.stephen.Player - Getting full name for playerID: 1, player: Jack Worrall
2026-05-02 15:41:55 [INFO] com.stephen.Player - Checking if player is bye: Jack Worrall - false
2026-05-02 15:41:55 [INFO] com.stephen.ID - Retrieving ID: 1
2026-05-02 15:41:55 [INFO] com.stephen.Player - Getting full name for playerID: 1, player: Jack Worrall
2026-05-02 15:41:55 [INFO] com.stephen.Player - Checking if player is captain: Jack Worrall - false
2026-05-02 15:41:55 [INFO] com.stephen.PlayerRepository - Data map built: {firstName=Jack, lastName=Worrall, nickName=, isBye=false, isCaptain=false}
2026-05-02 15:41:55 [INFO] com.stephen.ID - Retrieving ID: 1
2026-05-02 15:41:55 [INFO] com.stephen.ID - Retrieving ID: 1
2026-05-02 15:41:55 [INFO] com.stephen.Player - Getting full name for playerID: 1, player: Jack Worrall
2026-05-02 15:41:55 [INFO] com.stephen.PlayerRepository - Firestore write confirmed for player: Jack Worrall
2026-05-02 15:41:55 [INFO] com.stephen.Main - Done!
2026-05-02 15:43:10 [INFO] com.stephen.Main - PoolManager application starting...
2026-05-02 15:43:10 [INFO] com.stephen.FirebaseConfig - Firebase connected successfully!
2026-05-02 15:43:10 [INFO] com.stephen.ID - Generated new ID: 1
2026-05-02 15:43:10 [INFO] com.stephen.Player_ContactDetails - Player_ContactDetails object created with default phone number: 0
2026-05-02 15:43:10 [INFO] com.stephen.BaseStats_Key - BaseStats_Key created with eventID: 0 and teamID: null
2026-05-02 15:43:10 [INFO] com.stephen.BaseStats - Initialized BaseStats with default values.
2026-05-02 15:43:10 [INFO] com.stephen.ID - Retrieving ID: 1
2026-05-02 15:43:10 [INFO] com.stephen.Player - Getting full name for playerID: 1, player: Gerald Clarkson
2026-05-02 15:43:10 [INFO] com.stephen.Player - Created player: Gerald Clarkson
2026-05-02 15:43:11 [INFO] com.stephen.PlayerRepository - PlayerRepository initialised
2026-05-02 15:43:11 [INFO] com.stephen.ID - Retrieving ID: 1
2026-05-02 15:43:11 [INFO] com.stephen.Player - Getting full name for playerID: 1, player: Gerald Clarkson
2026-05-02 15:43:11 [INFO] com.stephen.PlayerRepository - Attempting to save player: Gerald Clarkson
2026-05-02 15:43:11 [INFO] com.stephen.ID - Retrieving ID: 1
2026-05-02 15:43:11 [INFO] com.stephen.Player - Getting full name for playerID: 1, player: Gerald Clarkson
2026-05-02 15:43:11 [INFO] com.stephen.Player - Getting first name for player: Gerald Clarkson
2026-05-02 15:43:11 [INFO] com.stephen.ID - Retrieving ID: 1
2026-05-02 15:43:11 [INFO] com.stephen.Player - Getting full name for playerID: 1, player: Gerald Clarkson
2026-05-02 15:43:11 [INFO] com.stephen.Player - Getting last name for player: Gerald Clarkson
2026-05-02 15:43:11 [INFO] com.stephen.ID - Retrieving ID: 1
2026-05-02 15:43:11 [INFO] com.stephen.Player - Getting full name for playerID: 1, player: Gerald Clarkson
2026-05-02 15:43:11 [INFO] com.stephen.Player - Getting nickname for player: Gerald Clarkson
2026-05-02 15:43:11 [INFO] com.stephen.ID - Retrieving ID: 1
2026-05-02 15:43:11 [INFO] com.stephen.Player - Getting full name for playerID: 1, player: Gerald Clarkson
2026-05-02 15:43:11 [INFO] com.stephen.Player - Checking if player is bye: Gerald Clarkson - false
2026-05-02 15:43:11 [INFO] com.stephen.ID - Retrieving ID: 1
2026-05-02 15:43:11 [INFO] com.stephen.Player - Getting full name for playerID: 1, player: Gerald Clarkson
2026-05-02 15:43:11 [INFO] com.stephen.Player - Checking if player is captain: Gerald Clarkson - false
2026-05-02 15:43:11 [INFO] com.stephen.PlayerRepository - Data map built: {firstName=Gerald, lastName=Clarkson, nickName=, isBye=false, isCaptain=false}
2026-05-02 15:43:11 [INFO] com.stephen.ID - Retrieving ID: 1
2026-05-02 15:43:12 [INFO] com.stephen.ID - Retrieving ID: 1
2026-05-02 15:43:12 [INFO] com.stephen.Player - Getting full name for playerID: 1, player: Gerald Clarkson
2026-05-02 15:43:12 [INFO] com.stephen.PlayerRepository - Firestore write confirmed for player: Gerald Clarkson
2026-05-02 15:43:12 [INFO] com.stephen.Main - Done!
